<?xml version="1.0" encoding="UTF-8"?>
<testsuite name="org.example.ECJPAKEUtilTest" tests="4" skipped="0" failures="0" errors="0" timestamp="2024-09-16T15:39:50" hostname="DAWIDSPC" time="0.042">
  <properties/>
  <testcase name="testValidateNotNull()" classname="org.example.ECJPAKEUtilTest" time="0.002"/>
  <testcase name="testValidateMacTag()" classname="org.example.ECJPAKEUtilTest" time="0.026"/>
  <testcase name="testValidateParticipantIdsDiffer()" classname="org.example.ECJPAKEUtilTest" time="0.002"/>
  <testcase name="testValidateParticipantIdsEqual()" classname="org.example.ECJPAKEUtilTest" time="0.008"/>
  <system-out><![CDATA[]]></system-out>
  <system-err><![CDATA[]]></system-err>
</testsuite>
