<?xml version="1.0" encoding="UTF-8"?>
<testsuite name="org.example.ECJPAKECurveTest" tests="1" skipped="0" failures="0" errors="0" timestamp="2024-09-16T15:39:49" hostname="DAWIDSPC" time="0.119">
  <properties/>
  <testcase name="testConstruction()" classname="org.example.ECJPAKECurveTest" time="0.119"/>
  <system-out><![CDATA[]]></system-out>
  <system-err><![CDATA[]]></system-err>
</testsuite>
