<?xml version="1.0" encoding="UTF-8"?>
<testsuite name="org.example.ECCJPAKEUtilTest" tests="4" skipped="0" failures="0" errors="0" timestamp="2024-08-28T20:47:50" hostname="DESKTOP-N5O0VU0" time="0.01">
  <properties/>
  <testcase name="testValidateNotNull()" classname="org.example.ECCJPAKEUtilTest" time="0.0"/>
  <testcase name="testValidateMacTag()" classname="org.example.ECCJPAKEUtilTest" time="0.006"/>
  <testcase name="testValidateParticipantIdsDiffer()" classname="org.example.ECCJPAKEUtilTest" time="0.001"/>
  <testcase name="testValidateParticipantIdsEqual()" classname="org.example.ECCJPAKEUtilTest" time="0.002"/>
  <system-out><![CDATA[]]></system-out>
  <system-err><![CDATA[]]></system-err>
</testsuite>
